<?xml version="1.0" encoding="UTF-8"?>
<!-- Generated by org.testng.reporters.JUnitXMLReporter -->
<testsuite ignored="2" hostname="DESKTOP-O5JC87R" failures="0" tests="2" name="SmokeTest" time="0.039" errors="0" timestamp="06 Apr 2025 13:04:34 GMT">
  <testcase classname="testng.AnnotationsExample" name="test1" time="0.007"/>
  <testcase classname="testng.AnnotationsExample2" name="test3" time="0.002"/>
  <testcase classname="testng.AnnotationsExample2" name="test4" time="0.0">
    <ignored/>
  </testcase> <!-- test4 -->
  <testcase classname="testng.AnnotationsExample" name="test2" time="0.0">
    <ignored/>
  </testcase> <!-- test2 -->
</testsuite> <!-- SmokeTest -->
